{"D:\\Orbital 2020\\my_projec_m2\\my_projec\\App.js": {"path":"D:\\Orbital 2020\\my_projec_m2\\my_projec\\App.js","statementMap":{"0":{"start":{"line":8,"column":8},"end":{"line":10,"column":10}}},"fnMap":{"0":{"name":"(anonymous_0)","decl":{"start":{"line":7,"column":4},"end":{"line":7,"column":5}},"loc":{"start":{"line":7,"column":13},"end":{"line":11,"column":5}},"line":7}},"branchMap":{},"s":{"0":0},"f":{"0":0},"b":{}}
,"D:\\Orbital 2020\\my_projec_m2\\my_projec\\src\\Firebase.js": {"path":"D:\\Orbital 2020\\my_projec_m2\\my_projec\\src\\Firebase.js","statementMap":{"0":{"start":{"line":4,"column":23},"end":{"line":13,"column":1}},"1":{"start":{"line":15,"column":0},"end":{"line":15,"column":39}}},"fnMap":{},"branchMap":{},"s":{"0":5,"1":5},"f":{},"b":{},"_coverageSchema":"1a1c01bbd47fc00a2c39e90264f33305004495a9","hash":"7198b308edd73e90eed2bb2acee3d68e53031a72"}
,"D:\\Orbital 2020\\my_projec_m2\\my_projec\\src\\Routes.js": {"path":"D:\\Orbital 2020\\my_projec_m2\\my_projec\\src\\Routes.js","statementMap":{"0":{"start":{"line":10,"column":15},"end":{"line":18,"column":1}},"1":{"start":{"line":11,"column":4},"end":{"line":17,"column":13}}},"fnMap":{"0":{"name":"(anonymous_0)","decl":{"start":{"line":10,"column":15},"end":{"line":10,"column":16}},"loc":{"start":{"line":11,"column":4},"end":{"line":17,"column":13}},"line":11}},"branchMap":{},"s":{"0":0,"1":0},"f":{"0":0},"b":{}}
,"D:\\Orbital 2020\\my_projec_m2\\my_projec\\src\\components\\All.js": {"path":"D:\\Orbital 2020\\my_projec_m2\\my_projec\\src\\components\\All.js","statementMap":{"0":{"start":{"line":17,"column":9},"end":{"line":46,"column":1}},"1":{"start":{"line":49,"column":10},"end":{"line":53,"column":5}},"2":{"start":{"line":55,"column":8},"end":{"line":55,"column":21}},"3":{"start":{"line":60,"column":19},"end":{"line":60,"column":21}},"4":{"start":{"line":61,"column":8},"end":{"line":65,"column":11}},"5":{"start":{"line":62,"column":12},"end":{"line":64,"column":13}},"6":{"start":{"line":63,"column":16},"end":{"line":63,"column":34}},"7":{"start":{"line":66,"column":8},"end":{"line":69,"column":10}},"8":{"start":{"line":72,"column":16},"end":{"line":98,"column":5}},"9":{"start":{"line":73,"column":8},"end":{"line":97,"column":9}},"10":{"start":{"line":74,"column":48},"end":{"line":76,"column":14}},"11":{"start":{"line":102,"column":8},"end":{"line":128,"column":10}},"12":{"start":{"line":109,"column":48},"end":{"line":109,"column":66}},"13":{"start":{"line":112,"column":37},"end":{"line":112,"column":53}},"14":{"start":{"line":125,"column":51},"end":{"line":125,"column":67}},"15":{"start":{"line":134,"column":22},"end":{"line":134,"column":46}},"16":{"start":{"line":135,"column":15},"end":{"line":183,"column":2}}},"fnMap":{"0":{"name":"(anonymous_0)","decl":{"start":{"line":54,"column":4},"end":{"line":54,"column":5}},"loc":{"start":{"line":54,"column":23},"end":{"line":56,"column":5}},"line":54},"1":{"name":"(anonymous_1)","decl":{"start":{"line":59,"column":4},"end":{"line":59,"column":5}},"loc":{"start":{"line":59,"column":18},"end":{"line":70,"column":5}},"line":59},"2":{"name":"(anonymous_2)","decl":{"start":{"line":61,"column":33},"end":{"line":61,"column":34}},"loc":{"start":{"line":61,"column":51},"end":{"line":65,"column":9}},"line":61},"3":{"name":"(anonymous_3)","decl":{"start":{"line":72,"column":16},"end":{"line":72,"column":17}},"loc":{"start":{"line":72,"column":28},"end":{"line":98,"column":5}},"line":72},"4":{"name":"(anonymous_4)","decl":{"start":{"line":74,"column":42},"end":{"line":74,"column":43}},"loc":{"start":{"line":74,"column":48},"end":{"line":76,"column":14}},"line":74},"5":{"name":"(anonymous_5)","decl":{"start":{"line":101,"column":4},"end":{"line":101,"column":5}},"loc":{"start":{"line":101,"column":13},"end":{"line":129,"column":5}},"line":101},"6":{"name":"(anonymous_6)","decl":{"start":{"line":109,"column":38},"end":{"line":109,"column":39}},"loc":{"start":{"line":109,"column":48},"end":{"line":109,"column":66}},"line":109},"7":{"name":"(anonymous_7)","decl":{"start":{"line":112,"column":33},"end":{"line":112,"column":34}},"loc":{"start":{"line":112,"column":37},"end":{"line":112,"column":53}},"line":112},"8":{"name":"(anonymous_8)","decl":{"start":{"line":125,"column":34},"end":{"line":125,"column":35}},"loc":{"start":{"line":125,"column":51},"end":{"line":125,"column":67}},"line":125}},"branchMap":{"0":{"loc":{"start":{"line":62,"column":12},"end":{"line":64,"column":13}},"type":"if","locations":[{"start":{"line":62,"column":12},"end":{"line":64,"column":13}},{"start":{"line":62,"column":12},"end":{"line":64,"column":13}}],"line":62}},"s":{"0":3,"1":1,"2":1,"3":0,"4":0,"5":0,"6":0,"7":0,"8":1,"9":4,"10":0,"11":1,"12":0,"13":0,"14":4,"15":3,"16":3},"f":{"0":1,"1":0,"2":0,"3":4,"4":0,"5":1,"6":0,"7":0,"8":4},"b":{"0":[0,0]},"_coverageSchema":"1a1c01bbd47fc00a2c39e90264f33305004495a9","hash":"517aad4bedb9244e6d58cbf99d586b9f0098d77f"}
,"D:\\Orbital 2020\\my_projec_m2\\my_projec\\src\\components\\CardCompo.js": {"path":"D:\\Orbital 2020\\my_projec_m2\\my_projec\\src\\components\\CardCompo.js","statementMap":{"0":{"start":{"line":14,"column":23},"end":{"line":23,"column":9}},"1":{"start":{"line":24,"column":8},"end":{"line":73,"column":9}},"2":{"start":{"line":79,"column":15},"end":{"line":87,"column":2}}},"fnMap":{"0":{"name":"(anonymous_0)","decl":{"start":{"line":13,"column":4},"end":{"line":13,"column":5}},"loc":{"start":{"line":13,"column":13},"end":{"line":74,"column":5}},"line":13}},"branchMap":{},"s":{"0":7,"1":7,"2":4},"f":{"0":7},"b":{},"_coverageSchema":"1a1c01bbd47fc00a2c39e90264f33305004495a9","hash":"52c513f92d6c1b154c346f3bc7477736e13029f4"}
,"D:\\Orbital 2020\\my_projec_m2\\my_projec\\src\\components\\Form.js": {"path":"D:\\Orbital 2020\\my_projec_m2\\my_projec\\src\\components\\Form.js","statementMap":{"0":{"start":{"line":14,"column":12},"end":{"line":17,"column":5}},"1":{"start":{"line":19,"column":18},"end":{"line":21,"column":5}},"2":{"start":{"line":20,"column":8},"end":{"line":20,"column":38}},"3":{"start":{"line":23,"column":21},"end":{"line":25,"column":5}},"4":{"start":{"line":24,"column":8},"end":{"line":24,"column":40}},"5":{"start":{"line":27,"column":18},"end":{"line":50,"column":5}},"6":{"start":{"line":28,"column":8},"end":{"line":49,"column":15}},"7":{"start":{"line":31,"column":16},"end":{"line":31,"column":30}},"8":{"start":{"line":32,"column":16},"end":{"line":38,"column":22}},"9":{"start":{"line":37,"column":24},"end":{"line":37,"column":43}},"10":{"start":{"line":41,"column":32},"end":{"line":41,"column":42}},"11":{"start":{"line":42,"column":35},"end":{"line":42,"column":48}},"12":{"start":{"line":43,"column":16},"end":{"line":47,"column":17}},"13":{"start":{"line":44,"column":20},"end":{"line":44,"column":45}},"14":{"start":{"line":46,"column":20},"end":{"line":46,"column":40}},"15":{"start":{"line":48,"column":16},"end":{"line":48,"column":35}},"16":{"start":{"line":52,"column":19},"end":{"line":75,"column":5}},"17":{"start":{"line":53,"column":8},"end":{"line":74,"column":15}},"18":{"start":{"line":56,"column":16},"end":{"line":56,"column":41}},"19":{"start":{"line":57,"column":33},"end":{"line":60,"column":17}},"20":{"start":{"line":61,"column":16},"end":{"line":67,"column":23}},"21":{"start":{"line":66,"column":24},"end":{"line":66,"column":43}},"22":{"start":{"line":68,"column":16},"end":{"line":68,"column":31}},"23":{"start":{"line":71,"column":35},"end":{"line":71,"column":48}},"24":{"start":{"line":72,"column":16},"end":{"line":72,"column":36}},"25":{"start":{"line":73,"column":16},"end":{"line":73,"column":35}},"26":{"start":{"line":77,"column":18},"end":{"line":83,"column":5}},"27":{"start":{"line":78,"column":8},"end":{"line":82,"column":9}},"28":{"start":{"line":79,"column":12},"end":{"line":79,"column":31}},"29":{"start":{"line":80,"column":15},"end":{"line":82,"column":9}},"30":{"start":{"line":81,"column":12},"end":{"line":81,"column":32}},"31":{"start":{"line":86,"column":8},"end":{"line":109,"column":9}},"32":{"start":{"line":93,"column":47},"end":{"line":93,"column":68}},"33":{"start":{"line":100,"column":43},"end":{"line":100,"column":64}},"34":{"start":{"line":114,"column":15},"end":{"line":143,"column":2}}},"fnMap":{"0":{"name":"(anonymous_0)","decl":{"start":{"line":19,"column":18},"end":{"line":19,"column":19}},"loc":{"start":{"line":19,"column":28},"end":{"line":21,"column":5}},"line":19},"1":{"name":"(anonymous_1)","decl":{"start":{"line":23,"column":21},"end":{"line":23,"column":22}},"loc":{"start":{"line":23,"column":31},"end":{"line":25,"column":5}},"line":23},"2":{"name":"(anonymous_2)","decl":{"start":{"line":27,"column":18},"end":{"line":27,"column":19}},"loc":{"start":{"line":27,"column":24},"end":{"line":50,"column":5}},"line":27},"3":{"name":"(anonymous_3)","decl":{"start":{"line":30,"column":18},"end":{"line":30,"column":19}},"loc":{"start":{"line":30,"column":24},"end":{"line":39,"column":13}},"line":30},"4":{"name":"(anonymous_4)","decl":{"start":{"line":36,"column":27},"end":{"line":36,"column":28}},"loc":{"start":{"line":36,"column":36},"end":{"line":38,"column":21}},"line":36},"5":{"name":"(anonymous_5)","decl":{"start":{"line":40,"column":19},"end":{"line":40,"column":20}},"loc":{"start":{"line":40,"column":35},"end":{"line":49,"column":13}},"line":40},"6":{"name":"(anonymous_6)","decl":{"start":{"line":52,"column":19},"end":{"line":52,"column":20}},"loc":{"start":{"line":52,"column":25},"end":{"line":75,"column":5}},"line":52},"7":{"name":"(anonymous_7)","decl":{"start":{"line":55,"column":18},"end":{"line":55,"column":19}},"loc":{"start":{"line":55,"column":24},"end":{"line":69,"column":13}},"line":55},"8":{"name":"(anonymous_8)","decl":{"start":{"line":65,"column":27},"end":{"line":65,"column":28}},"loc":{"start":{"line":65,"column":36},"end":{"line":67,"column":21}},"line":65},"9":{"name":"(anonymous_9)","decl":{"start":{"line":70,"column":19},"end":{"line":70,"column":20}},"loc":{"start":{"line":70,"column":35},"end":{"line":74,"column":13}},"line":70},"10":{"name":"(anonymous_10)","decl":{"start":{"line":77,"column":18},"end":{"line":77,"column":19}},"loc":{"start":{"line":77,"column":24},"end":{"line":83,"column":5}},"line":77},"11":{"name":"(anonymous_11)","decl":{"start":{"line":85,"column":4},"end":{"line":85,"column":5}},"loc":{"start":{"line":85,"column":13},"end":{"line":110,"column":5}},"line":85},"12":{"name":"(anonymous_12)","decl":{"start":{"line":93,"column":41},"end":{"line":93,"column":42}},"loc":{"start":{"line":93,"column":47},"end":{"line":93,"column":68}},"line":93},"13":{"name":"(anonymous_13)","decl":{"start":{"line":100,"column":32},"end":{"line":100,"column":33}},"loc":{"start":{"line":100,"column":43},"end":{"line":100,"column":64}},"line":100}},"branchMap":{"0":{"loc":{"start":{"line":43,"column":16},"end":{"line":47,"column":17}},"type":"if","locations":[{"start":{"line":43,"column":16},"end":{"line":47,"column":17}},{"start":{"line":43,"column":16},"end":{"line":47,"column":17}}],"line":43},"1":{"loc":{"start":{"line":78,"column":8},"end":{"line":82,"column":9}},"type":"if","locations":[{"start":{"line":78,"column":8},"end":{"line":82,"column":9}},{"start":{"line":78,"column":8},"end":{"line":82,"column":9}}],"line":78},"2":{"loc":{"start":{"line":80,"column":15},"end":{"line":82,"column":9}},"type":"if","locations":[{"start":{"line":80,"column":15},"end":{"line":82,"column":9}},{"start":{"line":80,"column":15},"end":{"line":82,"column":9}}],"line":80}},"s":{"0":3,"1":3,"2":0,"3":3,"4":0,"5":3,"6":0,"7":0,"8":0,"9":0,"10":0,"11":0,"12":0,"13":0,"14":0,"15":0,"16":3,"17":0,"18":0,"19":0,"20":0,"21":0,"22":0,"23":0,"24":0,"25":0,"26":3,"27":0,"28":0,"29":0,"30":0,"31":3,"32":0,"33":3,"34":3},"f":{"0":0,"1":0,"2":0,"3":0,"4":0,"5":0,"6":0,"7":0,"8":0,"9":0,"10":0,"11":3,"12":0,"13":3},"b":{"0":[0,0],"1":[0,0],"2":[0,0]},"_coverageSchema":"1a1c01bbd47fc00a2c39e90264f33305004495a9","hash":"8d5855773d2c81511447e8c6ecb9d36dd806388a"}
,"D:\\Orbital 2020\\my_projec_m2\\my_projec\\src\\components\\Logo.js": {"path":"D:\\Orbital 2020\\my_projec_m2\\my_projec\\src\\components\\Logo.js","statementMap":{"0":{"start":{"line":11,"column":8},"end":{"line":17,"column":9}},"1":{"start":{"line":22,"column":15},"end":{"line":33,"column":2}}},"fnMap":{"0":{"name":"(anonymous_0)","decl":{"start":{"line":10,"column":4},"end":{"line":10,"column":5}},"loc":{"start":{"line":10,"column":13},"end":{"line":18,"column":5}},"line":10}},"branchMap":{},"s":{"0":2,"1":2},"f":{"0":2},"b":{},"_coverageSchema":"1a1c01bbd47fc00a2c39e90264f33305004495a9","hash":"1e69a4e5e8103343e8e108a5b0171fea74da20d8"}
,"D:\\Orbital 2020\\my_projec_m2\\my_projec\\src\\components\\MainScreen.js": {"path":"D:\\Orbital 2020\\my_projec_m2\\my_projec\\src\\components\\MainScreen.js","statementMap":{"0":{"start":{"line":18,"column":12},"end":{"line":18,"column":38}},"1":{"start":{"line":21,"column":4},"end":{"line":52,"column":6}},"2":{"start":{"line":22,"column":56},"end":{"line":42,"column":9}},"3":{"start":{"line":26,"column":16},"end":{"line":38,"column":17}},"4":{"start":{"line":27,"column":20},"end":{"line":29,"column":41}},"5":{"start":{"line":30,"column":23},"end":{"line":38,"column":17}},"6":{"start":{"line":31,"column":20},"end":{"line":33,"column":37}},"7":{"start":{"line":34,"column":23},"end":{"line":38,"column":17}},"8":{"start":{"line":35,"column":20},"end":{"line":37,"column":39}},"9":{"start":{"line":40,"column":16},"end":{"line":40,"column":83}},"10":{"start":{"line":55,"column":18},"end":{"line":55,"column":40}},"11":{"start":{"line":58,"column":4},"end":{"line":65,"column":5}}},"fnMap":{"0":{"name":"HomeScreen","decl":{"start":{"line":20,"column":9},"end":{"line":20,"column":19}},"loc":{"start":{"line":20,"column":22},"end":{"line":53,"column":1}},"line":20},"1":{"name":"(anonymous_1)","decl":{"start":{"line":22,"column":40},"end":{"line":22,"column":41}},"loc":{"start":{"line":22,"column":56},"end":{"line":42,"column":9}},"line":22},"2":{"name":"(anonymous_2)","decl":{"start":{"line":23,"column":24},"end":{"line":23,"column":25}},"loc":{"start":{"line":23,"column":54},"end":{"line":41,"column":13}},"line":23},"3":{"name":"MainScreen","decl":{"start":{"line":57,"column":9},"end":{"line":57,"column":19}},"loc":{"start":{"line":57,"column":22},"end":{"line":66,"column":1}},"line":57}},"branchMap":{"0":{"loc":{"start":{"line":26,"column":16},"end":{"line":38,"column":17}},"type":"if","locations":[{"start":{"line":26,"column":16},"end":{"line":38,"column":17}},{"start":{"line":26,"column":16},"end":{"line":38,"column":17}}],"line":26},"1":{"loc":{"start":{"line":27,"column":31},"end":{"line":29,"column":40}},"type":"cond-expr","locations":[{"start":{"line":28,"column":26},"end":{"line":28,"column":40}},{"start":{"line":29,"column":26},"end":{"line":29,"column":40}}],"line":27},"2":{"loc":{"start":{"line":30,"column":23},"end":{"line":38,"column":17}},"type":"if","locations":[{"start":{"line":30,"column":23},"end":{"line":38,"column":17}},{"start":{"line":30,"column":23},"end":{"line":38,"column":17}}],"line":30},"3":{"loc":{"start":{"line":31,"column":31},"end":{"line":33,"column":36}},"type":"cond-expr","locations":[{"start":{"line":32,"column":26},"end":{"line":32,"column":36}},{"start":{"line":33,"column":26},"end":{"line":33,"column":36}}],"line":31},"4":{"loc":{"start":{"line":34,"column":23},"end":{"line":38,"column":17}},"type":"if","locations":[{"start":{"line":34,"column":23},"end":{"line":38,"column":17}},{"start":{"line":34,"column":23},"end":{"line":38,"column":17}}],"line":34},"5":{"loc":{"start":{"line":35,"column":31},"end":{"line":37,"column":38}},"type":"cond-expr","locations":[{"start":{"line":36,"column":26},"end":{"line":36,"column":38}},{"start":{"line":37,"column":26},"end":{"line":37,"column":38}}],"line":35}},"s":{"0":1,"1":1,"2":3,"3":6,"4":2,"5":4,"6":2,"7":2,"8":2,"9":6,"10":1,"11":1},"f":{"0":1,"1":3,"2":6,"3":1},"b":{"0":[2,4],"1":[1,1],"2":[2,2],"3":[1,1],"4":[2,0],"5":[1,1]},"_coverageSchema":"1a1c01bbd47fc00a2c39e90264f33305004495a9","hash":"d4be81a24bd1e96a5ed12c31d473fb135c54fb5a"}
,"D:\\Orbital 2020\\my_projec_m2\\my_projec\\src\\components\\Recommended.js": {"path":"D:\\Orbital 2020\\my_projec_m2\\my_projec\\src\\components\\Recommended.js","statementMap":{"0":{"start":{"line":17,"column":9},"end":{"line":39,"column":1}},"1":{"start":{"line":42,"column":10},"end":{"line":46,"column":5}},"2":{"start":{"line":48,"column":8},"end":{"line":48,"column":21}},"3":{"start":{"line":53,"column":19},"end":{"line":53,"column":21}},"4":{"start":{"line":54,"column":8},"end":{"line":58,"column":11}},"5":{"start":{"line":55,"column":12},"end":{"line":57,"column":13}},"6":{"start":{"line":56,"column":16},"end":{"line":56,"column":34}},"7":{"start":{"line":59,"column":8},"end":{"line":62,"column":10}},"8":{"start":{"line":65,"column":16},"end":{"line":91,"column":5}},"9":{"start":{"line":66,"column":8},"end":{"line":90,"column":9}},"10":{"start":{"line":67,"column":48},"end":{"line":69,"column":14}},"11":{"start":{"line":95,"column":8},"end":{"line":121,"column":10}},"12":{"start":{"line":102,"column":48},"end":{"line":102,"column":66}},"13":{"start":{"line":105,"column":37},"end":{"line":105,"column":53}},"14":{"start":{"line":118,"column":51},"end":{"line":118,"column":67}},"15":{"start":{"line":127,"column":22},"end":{"line":127,"column":46}},"16":{"start":{"line":128,"column":15},"end":{"line":176,"column":2}}},"fnMap":{"0":{"name":"(anonymous_0)","decl":{"start":{"line":47,"column":4},"end":{"line":47,"column":5}},"loc":{"start":{"line":47,"column":23},"end":{"line":49,"column":5}},"line":47},"1":{"name":"(anonymous_1)","decl":{"start":{"line":52,"column":4},"end":{"line":52,"column":5}},"loc":{"start":{"line":52,"column":18},"end":{"line":63,"column":5}},"line":52},"2":{"name":"(anonymous_2)","decl":{"start":{"line":54,"column":33},"end":{"line":54,"column":34}},"loc":{"start":{"line":54,"column":51},"end":{"line":58,"column":9}},"line":54},"3":{"name":"(anonymous_3)","decl":{"start":{"line":65,"column":16},"end":{"line":65,"column":17}},"loc":{"start":{"line":65,"column":28},"end":{"line":91,"column":5}},"line":65},"4":{"name":"(anonymous_4)","decl":{"start":{"line":67,"column":42},"end":{"line":67,"column":43}},"loc":{"start":{"line":67,"column":48},"end":{"line":69,"column":14}},"line":67},"5":{"name":"(anonymous_5)","decl":{"start":{"line":94,"column":4},"end":{"line":94,"column":5}},"loc":{"start":{"line":94,"column":13},"end":{"line":122,"column":5}},"line":94},"6":{"name":"(anonymous_6)","decl":{"start":{"line":102,"column":38},"end":{"line":102,"column":39}},"loc":{"start":{"line":102,"column":48},"end":{"line":102,"column":66}},"line":102},"7":{"name":"(anonymous_7)","decl":{"start":{"line":105,"column":33},"end":{"line":105,"column":34}},"loc":{"start":{"line":105,"column":37},"end":{"line":105,"column":53}},"line":105},"8":{"name":"(anonymous_8)","decl":{"start":{"line":118,"column":34},"end":{"line":118,"column":35}},"loc":{"start":{"line":118,"column":51},"end":{"line":118,"column":67}},"line":118}},"branchMap":{"0":{"loc":{"start":{"line":55,"column":12},"end":{"line":57,"column":13}},"type":"if","locations":[{"start":{"line":55,"column":12},"end":{"line":57,"column":13}},{"start":{"line":55,"column":12},"end":{"line":57,"column":13}}],"line":55}},"s":{"0":3,"1":1,"2":1,"3":0,"4":0,"5":0,"6":0,"7":0,"8":1,"9":3,"10":0,"11":1,"12":0,"13":0,"14":3,"15":3,"16":3},"f":{"0":1,"1":0,"2":0,"3":3,"4":0,"5":1,"6":0,"7":0,"8":3},"b":{"0":[0,0]},"_coverageSchema":"1a1c01bbd47fc00a2c39e90264f33305004495a9","hash":"0275367fba95a63405c69ab95c4de5ab30bff8fd"}
,"D:\\Orbital 2020\\my_projec_m2\\my_projec\\src\\components\\AppTabNavigator\\MeTab.js": {"path":"D:\\Orbital 2020\\my_projec_m2\\my_projec\\src\\components\\AppTabNavigator\\MeTab.js","statementMap":{"0":{"start":{"line":10,"column":13},"end":{"line":21,"column":1}},"1":{"start":{"line":23,"column":22},"end":{"line":23,"column":46}},"2":{"start":{"line":27,"column":8},"end":{"line":27,"column":15}},"3":{"start":{"line":28,"column":8},"end":{"line":30,"column":9}},"4":{"start":{"line":33,"column":21},"end":{"line":37,"column":5}},"5":{"start":{"line":34,"column":8},"end":{"line":36,"column":10}},"6":{"start":{"line":39,"column":22},"end":{"line":52,"column":5}},"7":{"start":{"line":40,"column":8},"end":{"line":51,"column":10}},"8":{"start":{"line":41,"column":12},"end":{"line":50,"column":13}},"9":{"start":{"line":54,"column":20},"end":{"line":77,"column":5}},"10":{"start":{"line":55,"column":8},"end":{"line":76,"column":9}},"11":{"start":{"line":56,"column":12},"end":{"line":60,"column":13}},"12":{"start":{"line":61,"column":15},"end":{"line":76,"column":9}},"13":{"start":{"line":62,"column":12},"end":{"line":72,"column":13}},"14":{"start":{"line":74,"column":15},"end":{"line":76,"column":9}},"15":{"start":{"line":80,"column":8},"end":{"line":163,"column":9}},"16":{"start":{"line":117,"column":62},"end":{"line":117,"column":103}},"17":{"start":{"line":135,"column":47},"end":{"line":135,"column":69}},"18":{"start":{"line":143,"column":47},"end":{"line":143,"column":69}},"19":{"start":{"line":151,"column":47},"end":{"line":151,"column":69}},"20":{"start":{"line":169,"column":15},"end":{"line":175,"column":2}}},"fnMap":{"0":{"name":"(anonymous_0)","decl":{"start":{"line":26,"column":4},"end":{"line":26,"column":5}},"loc":{"start":{"line":26,"column":18},"end":{"line":31,"column":5}},"line":26},"1":{"name":"(anonymous_1)","decl":{"start":{"line":33,"column":21},"end":{"line":33,"column":22}},"loc":{"start":{"line":33,"column":32},"end":{"line":37,"column":5}},"line":33},"2":{"name":"(anonymous_2)","decl":{"start":{"line":39,"column":22},"end":{"line":39,"column":23}},"loc":{"start":{"line":39,"column":28},"end":{"line":52,"column":5}},"line":39},"3":{"name":"(anonymous_3)","decl":{"start":{"line":40,"column":26},"end":{"line":40,"column":27}},"loc":{"start":{"line":40,"column":44},"end":{"line":51,"column":9}},"line":40},"4":{"name":"(anonymous_4)","decl":{"start":{"line":54,"column":20},"end":{"line":54,"column":21}},"loc":{"start":{"line":54,"column":26},"end":{"line":77,"column":5}},"line":54},"5":{"name":"(anonymous_5)","decl":{"start":{"line":79,"column":4},"end":{"line":79,"column":5}},"loc":{"start":{"line":79,"column":13},"end":{"line":164,"column":5}},"line":79},"6":{"name":"(anonymous_6)","decl":{"start":{"line":117,"column":56},"end":{"line":117,"column":57}},"loc":{"start":{"line":117,"column":62},"end":{"line":117,"column":103}},"line":117},"7":{"name":"(anonymous_7)","decl":{"start":{"line":135,"column":41},"end":{"line":135,"column":42}},"loc":{"start":{"line":135,"column":47},"end":{"line":135,"column":69}},"line":135},"8":{"name":"(anonymous_8)","decl":{"start":{"line":143,"column":41},"end":{"line":143,"column":42}},"loc":{"start":{"line":143,"column":47},"end":{"line":143,"column":69}},"line":143},"9":{"name":"(anonymous_9)","decl":{"start":{"line":151,"column":41},"end":{"line":151,"column":42}},"loc":{"start":{"line":151,"column":47},"end":{"line":151,"column":69}},"line":151}},"branchMap":{"0":{"loc":{"start":{"line":44,"column":20},"end":{"line":44,"column":74}},"type":"cond-expr","locations":[{"start":{"line":44,"column":38},"end":{"line":44,"column":54}},{"start":{"line":44,"column":57},"end":{"line":44,"column":74}}],"line":44},"1":{"loc":{"start":{"line":55,"column":8},"end":{"line":76,"column":9}},"type":"if","locations":[{"start":{"line":55,"column":8},"end":{"line":76,"column":9}},{"start":{"line":55,"column":8},"end":{"line":76,"column":9}}],"line":55},"2":{"loc":{"start":{"line":61,"column":15},"end":{"line":76,"column":9}},"type":"if","locations":[{"start":{"line":61,"column":15},"end":{"line":76,"column":9}},{"start":{"line":61,"column":15},"end":{"line":76,"column":9}}],"line":61},"3":{"loc":{"start":{"line":74,"column":15},"end":{"line":76,"column":9}},"type":"if","locations":[{"start":{"line":74,"column":15},"end":{"line":76,"column":9}},{"start":{"line":74,"column":15},"end":{"line":76,"column":9}}],"line":74},"4":{"loc":{"start":{"line":139,"column":46},"end":{"line":139,"column":96}},"type":"cond-expr","locations":[{"start":{"line":139,"column":76},"end":{"line":139,"column":78}},{"start":{"line":139,"column":81},"end":{"line":139,"column":96}}],"line":139},"5":{"loc":{"start":{"line":147,"column":46},"end":{"line":147,"column":96}},"type":"cond-expr","locations":[{"start":{"line":147,"column":76},"end":{"line":147,"column":78}},{"start":{"line":147,"column":81},"end":{"line":147,"column":96}}],"line":147},"6":{"loc":{"start":{"line":155,"column":46},"end":{"line":155,"column":96}},"type":"cond-expr","locations":[{"start":{"line":155,"column":76},"end":{"line":155,"column":78}},{"start":{"line":155,"column":81},"end":{"line":155,"column":96}}],"line":155}},"s":{"0":2,"1":2,"2":1,"3":1,"4":1,"5":0,"6":1,"7":1,"8":10,"9":1,"10":1,"11":1,"12":0,"13":0,"14":0,"15":1,"16":0,"17":0,"18":0,"19":0,"20":2},"f":{"0":1,"1":0,"2":1,"3":10,"4":1,"5":1,"6":0,"7":0,"8":0,"9":0},"b":{"0":[6,4],"1":[1,0],"2":[0,0],"3":[0,0],"4":[1,0],"5":[0,1],"6":[0,1]},"_coverageSchema":"1a1c01bbd47fc00a2c39e90264f33305004495a9","hash":"52993ff0c07cd43f4f0c447d1c97be694fe24d2a"}
,"D:\\Orbital 2020\\my_projec_m2\\my_projec\\src\\components\\AppTabNavigator\\PostsTab.js": {"path":"D:\\Orbital 2020\\my_projec_m2\\my_projec\\src\\components\\AppTabNavigator\\PostsTab.js","statementMap":{"0":{"start":{"line":12,"column":31},"end":{"line":14,"column":5}},"1":{"start":{"line":16,"column":8},"end":{"line":35,"column":9}},"2":{"start":{"line":41,"column":15},"end":{"line":46,"column":2}}},"fnMap":{"0":{"name":"(anonymous_0)","decl":{"start":{"line":15,"column":4},"end":{"line":15,"column":5}},"loc":{"start":{"line":15,"column":13},"end":{"line":36,"column":5}},"line":15}},"branchMap":{},"s":{"0":2,"1":2,"2":2},"f":{"0":2},"b":{},"_coverageSchema":"1a1c01bbd47fc00a2c39e90264f33305004495a9","hash":"135188c5de998d80b4551f937cac77de8822e2f0"}
,"D:\\Orbital 2020\\my_projec_m2\\my_projec\\src\\components\\AppTabNavigator\\RecipeTab.js": {"path":"D:\\Orbital 2020\\my_projec_m2\\my_projec\\src\\components\\AppTabNavigator\\RecipeTab.js","statementMap":{"0":{"start":{"line":18,"column":31},"end":{"line":20,"column":5}},"1":{"start":{"line":23,"column":8},"end":{"line":51,"column":9}},"2":{"start":{"line":40,"column":44},"end":{"line":40,"column":64}},"3":{"start":{"line":55,"column":20},"end":{"line":55,"column":42}},"4":{"start":{"line":58,"column":4},"end":{"line":65,"column":6}},"5":{"start":{"line":70,"column":14},"end":{"line":70,"column":44}},"6":{"start":{"line":71,"column":15},"end":{"line":89,"column":2}}},"fnMap":{"0":{"name":"(anonymous_0)","decl":{"start":{"line":22,"column":4},"end":{"line":22,"column":5}},"loc":{"start":{"line":22,"column":13},"end":{"line":52,"column":5}},"line":22},"1":{"name":"(anonymous_1)","decl":{"start":{"line":40,"column":38},"end":{"line":40,"column":39}},"loc":{"start":{"line":40,"column":44},"end":{"line":40,"column":64}},"line":40},"2":{"name":"RecipeTab","decl":{"start":{"line":57,"column":9},"end":{"line":57,"column":18}},"loc":{"start":{"line":57,"column":21},"end":{"line":66,"column":1}},"line":57}},"branchMap":{},"s":{"0":2,"1":0,"2":0,"3":2,"4":1,"5":2,"6":2},"f":{"0":0,"1":0,"2":1},"b":{},"_coverageSchema":"1a1c01bbd47fc00a2c39e90264f33305004495a9","hash":"2d81a6498b02398d3f15226798cf115f64c7e771"}
,"D:\\Orbital 2020\\my_projec_m2\\my_projec\\src\\pages\\Login.js": {"path":"D:\\Orbital 2020\\my_projec_m2\\my_projec\\src\\pages\\Login.js","statementMap":{"0":{"start":{"line":13,"column":14},"end":{"line":28,"column":1}},"1":{"start":{"line":14,"column":23},"end":{"line":16,"column":5}},"2":{"start":{"line":15,"column":8},"end":{"line":15,"column":24}},"3":{"start":{"line":18,"column":4},"end":{"line":27,"column":5}},"4":{"start":{"line":31,"column":15},"end":{"line":54,"column":2}}},"fnMap":{"0":{"name":"(anonymous_0)","decl":{"start":{"line":13,"column":14},"end":{"line":13,"column":15}},"loc":{"start":{"line":13,"column":20},"end":{"line":28,"column":1}},"line":13},"1":{"name":"(anonymous_1)","decl":{"start":{"line":14,"column":23},"end":{"line":14,"column":24}},"loc":{"start":{"line":14,"column":29},"end":{"line":16,"column":5}},"line":14}},"branchMap":{},"s":{"0":1,"1":1,"2":0,"3":1,"4":1},"f":{"0":1,"1":0},"b":{},"_coverageSchema":"1a1c01bbd47fc00a2c39e90264f33305004495a9","hash":"243d99a94fa8d1aa5f12ab1f34f013f713e4648b"}
,"D:\\Orbital 2020\\my_projec_m2\\my_projec\\src\\pages\\RecipeDetail.js": {"path":"D:\\Orbital 2020\\my_projec_m2\\my_projec\\src\\pages\\RecipeDetail.js","statementMap":{"0":{"start":{"line":16,"column":18},"end":{"line":28,"column":1}},"1":{"start":{"line":30,"column":12},"end":{"line":52,"column":1}},"2":{"start":{"line":57,"column":27},"end":{"line":57,"column":50}},"3":{"start":{"line":59,"column":8},"end":{"line":152,"column":10}},"4":{"start":{"line":157,"column":15},"end":{"line":208,"column":2}}},"fnMap":{"0":{"name":"(anonymous_0)","decl":{"start":{"line":56,"column":4},"end":{"line":56,"column":5}},"loc":{"start":{"line":56,"column":13},"end":{"line":153,"column":5}},"line":56}},"branchMap":{},"s":{"0":2,"1":2,"2":0,"3":0,"4":2},"f":{"0":0},"b":{},"_coverageSchema":"1a1c01bbd47fc00a2c39e90264f33305004495a9","hash":"89fc36f7deb7ee00677e771038a92c34e45e9203"}
,"D:\\Orbital 2020\\my_projec_m2\\my_projec\\src\\pages\\Setting.js": {"path":"D:\\Orbital 2020\\my_projec_m2\\my_projec\\src\\pages\\Setting.js","statementMap":{"0":{"start":{"line":12,"column":16},"end":{"line":35,"column":1}},"1":{"start":{"line":13,"column":4},"end":{"line":34,"column":5}},"2":{"start":{"line":27,"column":24},"end":{"line":27,"column":49}},"3":{"start":{"line":28,"column":24},"end":{"line":28,"column":39}},"4":{"start":{"line":39,"column":15},"end":{"line":70,"column":2}}},"fnMap":{"0":{"name":"(anonymous_0)","decl":{"start":{"line":12,"column":16},"end":{"line":12,"column":17}},"loc":{"start":{"line":12,"column":22},"end":{"line":35,"column":1}},"line":12},"1":{"name":"(anonymous_1)","decl":{"start":{"line":26,"column":32},"end":{"line":26,"column":33}},"loc":{"start":{"line":26,"column":38},"end":{"line":29,"column":21}},"line":26}},"branchMap":{},"s":{"0":2,"1":1,"2":0,"3":0,"4":2},"f":{"0":1,"1":0},"b":{},"_coverageSchema":"1a1c01bbd47fc00a2c39e90264f33305004495a9","hash":"91f3f8190a8de97bc86811cb015b9d697267034f"}
,"D:\\Orbital 2020\\my_projec_m2\\my_projec\\src\\pages\\Signup.js": {"path":"D:\\Orbital 2020\\my_projec_m2\\my_projec\\src\\pages\\Signup.js","statementMap":{"0":{"start":{"line":12,"column":15},"end":{"line":26,"column":1}},"1":{"start":{"line":13,"column":22},"end":{"line":15,"column":5}},"2":{"start":{"line":14,"column":8},"end":{"line":14,"column":24}},"3":{"start":{"line":16,"column":4},"end":{"line":25,"column":5}},"4":{"start":{"line":29,"column":15},"end":{"line":52,"column":2}}},"fnMap":{"0":{"name":"(anonymous_0)","decl":{"start":{"line":12,"column":15},"end":{"line":12,"column":16}},"loc":{"start":{"line":12,"column":21},"end":{"line":26,"column":1}},"line":12},"1":{"name":"(anonymous_1)","decl":{"start":{"line":13,"column":22},"end":{"line":13,"column":23}},"loc":{"start":{"line":13,"column":28},"end":{"line":15,"column":5}},"line":13}},"branchMap":{},"s":{"0":1,"1":1,"2":0,"3":1,"4":1},"f":{"0":1,"1":0},"b":{},"_coverageSchema":"1a1c01bbd47fc00a2c39e90264f33305004495a9","hash":"792985264f0482666b06b2a7f0c3c12ad29ec622"}
}
