TN:
SF:App.js
FN:7,(anonymous_0)
FNF:1
FNH:0
FNDA:0,(anonymous_0)
DA:8,0
LF:1
LH:0
BRF:0
BRH:0
end_of_record
TN:
SF:src\Firebase.js
FNF:0
FNH:0
DA:4,5
DA:15,5
LF:2
LH:2
BRF:0
BRH:0
end_of_record
TN:
SF:src\Routes.js
FN:10,(anonymous_0)
FNF:1
FNH:0
FNDA:0,(anonymous_0)
DA:10,0
DA:11,0
LF:2
LH:0
BRF:0
BRH:0
end_of_record
TN:
SF:src\components\All.js
FN:54,(anonymous_0)
FN:59,(anonymous_1)
FN:61,(anonymous_2)
FN:72,(anonymous_3)
FN:74,(anonymous_4)
FN:101,(anonymous_5)
FN:109,(anonymous_6)
FN:112,(anonymous_7)
FN:125,(anonymous_8)
FNF:9
FNH:4
FNDA:1,(anonymous_0)
FNDA:0,(anonymous_1)
FNDA:0,(anonymous_2)
FNDA:4,(anonymous_3)
FNDA:0,(anonymous_4)
FNDA:1,(anonymous_5)
FNDA:0,(anonymous_6)
FNDA:0,(anonymous_7)
FNDA:4,(anonymous_8)
DA:17,3
DA:49,1
DA:55,1
DA:60,0
DA:61,0
DA:62,0
DA:63,0
DA:66,0
DA:72,1
DA:73,4
DA:74,0
DA:102,1
DA:109,0
DA:112,0
DA:125,4
DA:134,3
DA:135,3
LF:17
LH:9
BRDA:62,0,0,0
BRDA:62,0,1,0
BRF:2
BRH:0
end_of_record
TN:
SF:src\components\CardCompo.js
FN:13,(anonymous_0)
FNF:1
FNH:1
FNDA:7,(anonymous_0)
DA:14,7
DA:24,7
DA:79,4
LF:3
LH:3
BRF:0
BRH:0
end_of_record
TN:
SF:src\components\Form.js
FN:19,(anonymous_0)
FN:23,(anonymous_1)
FN:27,(anonymous_2)
FN:30,(anonymous_3)
FN:36,(anonymous_4)
FN:40,(anonymous_5)
FN:52,(anonymous_6)
FN:55,(anonymous_7)
FN:65,(anonymous_8)
FN:70,(anonymous_9)
FN:77,(anonymous_10)
FN:85,(anonymous_11)
FN:93,(anonymous_12)
FN:100,(anonymous_13)
FNF:14
FNH:2
FNDA:0,(anonymous_0)
FNDA:0,(anonymous_1)
FNDA:0,(anonymous_2)
FNDA:0,(anonymous_3)
FNDA:0,(anonymous_4)
FNDA:0,(anonymous_5)
FNDA:0,(anonymous_6)
FNDA:0,(anonymous_7)
FNDA:0,(anonymous_8)
FNDA:0,(anonymous_9)
FNDA:0,(anonymous_10)
FNDA:3,(anonymous_11)
FNDA:0,(anonymous_12)
FNDA:3,(anonymous_13)
DA:14,3
DA:19,3
DA:20,0
DA:23,3
DA:24,0
DA:27,3
DA:28,0
DA:31,0
DA:32,0
DA:37,0
DA:41,0
DA:42,0
DA:43,0
DA:44,0
DA:46,0
DA:48,0
DA:52,3
DA:53,0
DA:56,0
DA:57,0
DA:61,0
DA:66,0
DA:68,0
DA:71,0
DA:72,0
DA:73,0
DA:77,3
DA:78,0
DA:79,0
DA:80,0
DA:81,0
DA:86,3
DA:93,0
DA:100,3
DA:114,3
LF:35
LH:9
BRDA:43,0,0,0
BRDA:43,0,1,0
BRDA:78,1,0,0
BRDA:78,1,1,0
BRDA:80,2,0,0
BRDA:80,2,1,0
BRF:6
BRH:0
end_of_record
TN:
SF:src\components\Logo.js
FN:10,(anonymous_0)
FNF:1
FNH:1
FNDA:2,(anonymous_0)
DA:11,2
DA:22,2
LF:2
LH:2
BRF:0
BRH:0
end_of_record
TN:
SF:src\components\MainScreen.js
FN:20,HomeScreen
FN:22,(anonymous_1)
FN:23,(anonymous_2)
FN:57,MainScreen
FNF:4
FNH:4
FNDA:1,HomeScreen
FNDA:3,(anonymous_1)
FNDA:6,(anonymous_2)
FNDA:1,MainScreen
DA:18,1
DA:21,1
DA:22,3
DA:26,6
DA:27,2
DA:30,4
DA:31,2
DA:34,2
DA:35,2
DA:40,6
DA:55,1
DA:58,1
LF:12
LH:12
BRDA:26,0,0,2
BRDA:26,0,1,4
BRDA:27,1,0,1
BRDA:27,1,1,1
BRDA:30,2,0,2
BRDA:30,2,1,2
BRDA:31,3,0,1
BRDA:31,3,1,1
BRDA:34,4,0,2
BRDA:34,4,1,0
BRDA:35,5,0,1
BRDA:35,5,1,1
BRF:12
BRH:11
end_of_record
TN:
SF:src\components\Recommended.js
FN:47,(anonymous_0)
FN:52,(anonymous_1)
FN:54,(anonymous_2)
FN:65,(anonymous_3)
FN:67,(anonymous_4)
FN:94,(anonymous_5)
FN:102,(anonymous_6)
FN:105,(anonymous_7)
FN:118,(anonymous_8)
FNF:9
FNH:4
FNDA:1,(anonymous_0)
FNDA:0,(anonymous_1)
FNDA:0,(anonymous_2)
FNDA:3,(anonymous_3)
FNDA:0,(anonymous_4)
FNDA:1,(anonymous_5)
FNDA:0,(anonymous_6)
FNDA:0,(anonymous_7)
FNDA:3,(anonymous_8)
DA:17,3
DA:42,1
DA:48,1
DA:53,0
DA:54,0
DA:55,0
DA:56,0
DA:59,0
DA:65,1
DA:66,3
DA:67,0
DA:95,1
DA:102,0
DA:105,0
DA:118,3
DA:127,3
DA:128,3
LF:17
LH:9
BRDA:55,0,0,0
BRDA:55,0,1,0
BRF:2
BRH:0
end_of_record
TN:
SF:src\components\AppTabNavigator\MeTab.js
FN:26,(anonymous_0)
FN:33,(anonymous_1)
FN:39,(anonymous_2)
FN:40,(anonymous_3)
FN:54,(anonymous_4)
FN:79,(anonymous_5)
FN:117,(anonymous_6)
FN:135,(anonymous_7)
FN:143,(anonymous_8)
FN:151,(anonymous_9)
FNF:10
FNH:5
FNDA:1,(anonymous_0)
FNDA:0,(anonymous_1)
FNDA:1,(anonymous_2)
FNDA:10,(anonymous_3)
FNDA:1,(anonymous_4)
FNDA:1,(anonymous_5)
FNDA:0,(anonymous_6)
FNDA:0,(anonymous_7)
FNDA:0,(anonymous_8)
FNDA:0,(anonymous_9)
DA:10,2
DA:23,2
DA:27,1
DA:28,1
DA:33,1
DA:34,0
DA:39,1
DA:40,1
DA:41,10
DA:54,1
DA:55,1
DA:56,1
DA:61,0
DA:62,0
DA:74,0
DA:80,1
DA:117,0
DA:135,0
DA:143,0
DA:151,0
DA:169,2
LF:21
LH:13
BRDA:44,0,0,6
BRDA:44,0,1,4
BRDA:55,1,0,1
BRDA:55,1,1,0
BRDA:61,2,0,0
BRDA:61,2,1,0
BRDA:74,3,0,0
BRDA:74,3,1,0
BRDA:139,4,0,1
BRDA:139,4,1,0
BRDA:147,5,0,0
BRDA:147,5,1,1
BRDA:155,6,0,0
BRDA:155,6,1,1
BRF:14
BRH:6
end_of_record
TN:
SF:src\components\AppTabNavigator\PostsTab.js
FN:15,(anonymous_0)
FNF:1
FNH:1
FNDA:2,(anonymous_0)
DA:12,2
DA:16,2
DA:41,2
LF:3
LH:3
BRF:0
BRH:0
end_of_record
TN:
SF:src\components\AppTabNavigator\RecipeTab.js
FN:22,(anonymous_0)
FN:40,(anonymous_1)
FN:57,RecipeTab
FNF:3
FNH:1
FNDA:0,(anonymous_0)
FNDA:0,(anonymous_1)
FNDA:1,RecipeTab
DA:18,2
DA:23,0
DA:40,0
DA:55,2
DA:58,1
DA:70,2
DA:71,2
LF:7
LH:5
BRF:0
BRH:0
end_of_record
TN:
SF:src\pages\Login.js
FN:13,(anonymous_0)
FN:14,(anonymous_1)
FNF:2
FNH:1
FNDA:1,(anonymous_0)
FNDA:0,(anonymous_1)
DA:13,1
DA:14,1
DA:15,0
DA:18,1
DA:31,1
LF:5
LH:4
BRF:0
BRH:0
end_of_record
TN:
SF:src\pages\RecipeDetail.js
FN:56,(anonymous_0)
FNF:1
FNH:0
FNDA:0,(anonymous_0)
DA:16,2
DA:30,2
DA:57,0
DA:59,0
DA:157,2
LF:5
LH:3
BRF:0
BRH:0
end_of_record
TN:
SF:src\pages\Setting.js
FN:12,(anonymous_0)
FN:26,(anonymous_1)
FNF:2
FNH:1
FNDA:1,(anonymous_0)
FNDA:0,(anonymous_1)
DA:12,2
DA:13,1
DA:27,0
DA:28,0
DA:39,2
LF:5
LH:3
BRF:0
BRH:0
end_of_record
TN:
SF:src\pages\Signup.js
FN:12,(anonymous_0)
FN:13,(anonymous_1)
FNF:2
FNH:1
FNDA:1,(anonymous_0)
FNDA:0,(anonymous_1)
DA:12,1
DA:13,1
DA:14,0
DA:16,1
DA:29,1
LF:5
LH:4
BRF:0
BRH:0
end_of_record
